[2022-06-03T19:38:54.284] [DEBUG] cheese - login => username:zs,password:123456
[2022-06-03T19:38:54.287] [DEBUG] cheese - zs
[2022-06-03T19:38:54.296] [DEBUG] cheese - null
[2022-06-03T19:38:54.297] [DEBUG] cheese - null
[2022-06-03T19:39:39.857] [DEBUG] cheese - login => username:admin,password:123456
[2022-06-03T19:39:39.858] [DEBUG] cheese - admin
[2022-06-03T19:39:39.860] [DEBUG] cheese - null
[2022-06-03T19:39:39.860] [DEBUG] cheese - null
[2022-06-05T11:01:57.263] [DEBUG] cheese - login => username:zda,password:123ssd
[2022-06-05T11:01:57.263] [DEBUG] cheese - zda
[2022-06-05T11:01:57.274] [DEBUG] cheese - null
[2022-06-05T11:01:57.274] [DEBUG] cheese - null
[2022-06-05T11:03:05.932] [DEBUG] cheese - login => username:zdas,password:123dsf
[2022-06-05T11:03:05.932] [DEBUG] cheese - zdas
[2022-06-05T11:03:05.935] [DEBUG] cheese - null
[2022-06-05T11:03:05.935] [DEBUG] cheese - null
[2022-06-05T11:04:53.179] [DEBUG] cheese - login => username:zd12,password:123233
[2022-06-05T11:04:53.180] [DEBUG] cheese - zd12
[2022-06-05T11:04:53.182] [DEBUG] cheese - null
[2022-06-05T11:04:53.182] [DEBUG] cheese - null
[2022-06-05T11:05:06.939] [DEBUG] cheese - login => username:admin,password:123456
[2022-06-05T11:05:06.939] [DEBUG] cheese - admin
[2022-06-05T11:05:06.944] [DEBUG] cheese - null
[2022-06-05T11:05:06.944] [DEBUG] cheese - null
[2022-06-05T11:07:35.542] [DEBUG] cheese - login => username:zd12,password:123234
[2022-06-05T11:07:35.543] [DEBUG] cheese - zd12
[2022-06-05T11:07:35.546] [DEBUG] cheese - null
[2022-06-05T11:07:35.546] [DEBUG] cheese - null
[2022-06-05T11:07:43.197] [DEBUG] cheese - login => username:admin,password:123456
[2022-06-05T11:07:43.197] [DEBUG] cheese - admin
[2022-06-05T11:07:43.200] [DEBUG] cheese - null
[2022-06-05T11:07:43.200] [DEBUG] cheese - null
[2022-06-05T15:30:35.841] [DEBUG] cheese - login => username:admin,password:123456
[2022-06-05T15:30:35.842] [DEBUG] cheese - admin
[2022-06-05T15:30:35.853] [DEBUG] cheese - null
[2022-06-05T15:30:35.853] [DEBUG] cheese - null
[2022-06-05T15:30:40.430] [DEBUG] cheese - login => username:admin,password:12345623
[2022-06-05T15:30:40.430] [DEBUG] cheese - admin
[2022-06-05T15:30:40.433] [DEBUG] cheese - null
[2022-06-05T15:30:40.433] [DEBUG] cheese - null
[2022-06-05T15:37:11.948] [DEBUG] cheese - login => username:admin,password:123456
[2022-06-05T15:37:11.948] [DEBUG] cheese - admin
[2022-06-05T15:37:24.740] [DEBUG] cheese - login => username:admin,password:123456
[2022-06-05T15:37:24.740] [DEBUG] cheese - admin
[2022-06-05T15:37:24.750] [DEBUG] cheese - null
[2022-06-05T15:37:24.750] [DEBUG] cheese - null
[2022-06-05T15:37:24.813] [DEBUG] cheese - login => username:admin,password:123456
[2022-06-05T15:37:24.813] [DEBUG] cheese - admin
[2022-06-05T15:37:24.814] [DEBUG] cheese - login => username:admin,password:123456
[2022-06-05T15:37:24.814] [DEBUG] cheese - admin
[2022-06-05T15:37:24.818] [DEBUG] cheese - login => username:admin,password:123456
[2022-06-05T15:37:24.818] [DEBUG] cheese - admin
[2022-06-05T15:37:24.820] [DEBUG] cheese - login => username:admin,password:123456
[2022-06-05T15:37:24.820] [DEBUG] cheese - admin
[2022-06-05T15:37:24.823] [DEBUG] cheese - null
[2022-06-05T15:37:24.824] [DEBUG] cheese - null
[2022-06-05T15:37:24.878] [DEBUG] cheese - null
[2022-06-05T15:37:24.878] [DEBUG] cheese - null
[2022-06-05T15:37:24.939] [DEBUG] cheese - null
[2022-06-05T15:37:24.939] [DEBUG] cheese - null
[2022-06-05T15:37:24.992] [DEBUG] cheese - null
[2022-06-05T15:37:24.992] [DEBUG] cheese - null
[2022-06-05T15:37:25.046] [DEBUG] cheese - null
[2022-06-05T15:37:25.046] [DEBUG] cheese - null
[2022-06-05T15:38:03.884] [DEBUG] cheese - login => username:admin,password:123456
[2022-06-05T15:38:03.884] [DEBUG] cheese - admin
[2022-06-05T15:38:03.888] [DEBUG] cheese - null
[2022-06-05T15:38:03.888] [DEBUG] cheese - null
[2022-06-05T15:40:23.271] [DEBUG] cheese - login => username:admin,password:123456
[2022-06-05T15:40:23.271] [DEBUG] cheese - admin
[2022-06-05T15:40:23.273] [DEBUG] cheese - null
[2022-06-05T15:40:23.273] [DEBUG] cheese - null
[2022-06-05T15:44:47.821] [DEBUG] cheese - login => username:admin,password:123456
[2022-06-05T15:44:47.821] [DEBUG] cheese - admin
[2022-06-05T15:44:47.823] [DEBUG] cheese - null
[2022-06-05T15:44:47.823] [DEBUG] cheese - null
[2022-06-05T15:45:10.306] [DEBUG] cheese - login => username:admin,password:123456
[2022-06-05T15:45:10.306] [DEBUG] cheese - admin
[2022-06-05T15:45:10.308] [DEBUG] cheese - null
[2022-06-05T15:45:10.309] [DEBUG] cheese - null
[2022-06-05T15:57:53.862] [DEBUG] cheese - login => username:admin,password:123456
[2022-06-05T15:57:53.862] [DEBUG] cheese - admin
[2022-06-05T15:57:53.865] [DEBUG] cheese - null
[2022-06-05T15:57:53.865] [DEBUG] cheese - null
[2022-06-05T16:27:13.741] [DEBUG] cheese - login => username:admin,password:123456
[2022-06-05T16:27:13.741] [DEBUG] cheese - admin
[2022-06-05T16:27:13.744] [DEBUG] cheese - null
[2022-06-05T16:27:13.744] [DEBUG] cheese - null
[2022-06-05T16:39:11.655] [DEBUG] cheese - login => username:admin,password:123456
[2022-06-05T16:39:11.656] [DEBUG] cheese - admin
[2022-06-05T16:39:11.657] [DEBUG] cheese - null
[2022-06-05T16:39:11.657] [DEBUG] cheese - null
[2022-06-05T16:57:59.061] [DEBUG] cheese - login => username:admin,password:123456
[2022-06-05T16:57:59.061] [DEBUG] cheese - admin
[2022-06-05T16:57:59.064] [DEBUG] cheese - null
[2022-06-05T16:57:59.064] [DEBUG] cheese - null
[2022-06-05T17:08:25.103] [DEBUG] cheese - login => username:admin,password:123456
[2022-06-05T17:08:25.103] [DEBUG] cheese - admin
[2022-06-05T17:08:25.104] [DEBUG] cheese - null
[2022-06-05T17:08:25.105] [DEBUG] cheese - null
[2022-06-05T17:08:30.792] [DEBUG] cheese - login => username:admin,password:123456
[2022-06-05T17:08:30.792] [DEBUG] cheese - admin
[2022-06-05T17:08:30.795] [DEBUG] cheese - null
[2022-06-05T17:08:30.795] [DEBUG] cheese - null
[2022-06-05T17:08:34.066] [DEBUG] cheese - login => username:admin,password:123456
[2022-06-05T17:08:34.066] [DEBUG] cheese - admin
[2022-06-05T17:08:34.069] [DEBUG] cheese - null
[2022-06-05T17:08:34.069] [DEBUG] cheese - null
[2022-06-05T17:08:36.783] [DEBUG] cheese - login => username:admin,password:123456
[2022-06-05T17:08:36.783] [DEBUG] cheese - admin
[2022-06-05T17:08:36.785] [DEBUG] cheese - null
[2022-06-05T17:08:36.785] [DEBUG] cheese - null
[2022-06-05T17:49:17.453] [DEBUG] cheese - login => username:admin,password:123456
[2022-06-05T17:49:17.453] [DEBUG] cheese - admin
[2022-06-05T17:49:17.456] [DEBUG] cheese - null
[2022-06-05T17:49:17.456] [DEBUG] cheese - null
[2022-06-05T17:52:29.869] [DEBUG] cheese - login => username:admin,password:123456
[2022-06-05T17:52:29.869] [DEBUG] cheese - admin
[2022-06-05T17:52:29.871] [DEBUG] cheese - null
[2022-06-05T17:52:29.871] [DEBUG] cheese - null
[2022-06-05T18:00:43.450] [DEBUG] cheese - login => username:admin,password:123456
[2022-06-05T18:00:43.450] [DEBUG] cheese - admin
[2022-06-05T18:00:43.453] [DEBUG] cheese - null
[2022-06-05T18:00:43.453] [DEBUG] cheese - null
[2022-06-05T18:01:15.735] [DEBUG] cheese - login => username:admin,password:123456
[2022-06-05T18:01:15.735] [DEBUG] cheese - admin
[2022-06-05T18:01:15.737] [DEBUG] cheese - null
[2022-06-05T18:01:15.737] [DEBUG] cheese - null
[2022-06-05T19:23:20.862] [DEBUG] cheese - login => username:admin,password:123456
[2022-06-05T19:23:20.862] [DEBUG] cheese - admin
[2022-06-05T19:23:20.866] [DEBUG] cheese - null
[2022-06-05T19:23:20.866] [DEBUG] cheese - null
[2022-06-05T19:25:56.547] [DEBUG] cheese - login => username:admin,password:123456
[2022-06-05T19:25:56.547] [DEBUG] cheese - admin
[2022-06-05T19:25:56.549] [DEBUG] cheese - null
[2022-06-05T19:25:56.549] [DEBUG] cheese - null
[2022-06-05T19:27:24.130] [DEBUG] cheese - login => username:admin,password:123456
[2022-06-05T19:27:24.130] [DEBUG] cheese - admin
[2022-06-05T19:27:24.133] [DEBUG] cheese - null
[2022-06-05T19:27:24.133] [DEBUG] cheese - null
[2022-06-05T19:33:26.559] [DEBUG] cheese - login => username:admin,password:123456
[2022-06-05T19:33:26.559] [DEBUG] cheese - admin
[2022-06-05T19:33:26.564] [DEBUG] cheese - null
[2022-06-05T19:33:26.564] [DEBUG] cheese - null
[2022-06-06T17:30:30.161] [DEBUG] cheese - login => username:admin,password:123456
[2022-06-06T17:30:30.161] [DEBUG] cheese - admin
[2022-06-06T17:30:30.176] [DEBUG] cheese - null
[2022-06-06T17:30:30.176] [DEBUG] cheese - null
[2022-06-06T17:48:57.304] [DEBUG] cheese - login => username:admin,password:123456
[2022-06-06T17:48:57.304] [DEBUG] cheese - admin
[2022-06-06T17:48:57.307] [DEBUG] cheese - null
[2022-06-06T17:48:57.307] [DEBUG] cheese - null
[2022-06-06T19:01:45.392] [DEBUG] cheese - login => username:admin,password:123456
[2022-06-06T19:01:45.393] [DEBUG] cheese - admin
[2022-06-06T19:01:45.396] [DEBUG] cheese - null
[2022-06-06T19:01:45.396] [DEBUG] cheese - null
[2022-06-06T19:12:49.877] [DEBUG] cheese - login => username:admin,password:123456
[2022-06-06T19:12:49.877] [DEBUG] cheese - admin
[2022-06-06T19:12:49.878] [DEBUG] cheese - null
[2022-06-06T19:12:49.879] [DEBUG] cheese - null
[2022-06-07T16:59:09.011] [DEBUG] cheese - login => username:admin,password:123456
[2022-06-07T16:59:09.013] [DEBUG] cheese - admin
[2022-06-07T16:59:09.041] [DEBUG] cheese - null
[2022-06-07T16:59:09.041] [DEBUG] cheese - null
[2022-06-07T17:38:27.818] [DEBUG] cheese - login => username:admin,password:123456
[2022-06-07T17:38:27.818] [DEBUG] cheese - admin
[2022-06-07T17:38:27.822] [DEBUG] cheese - null
[2022-06-07T17:38:27.822] [DEBUG] cheese - null
[2022-06-07T17:45:24.156] [DEBUG] cheese - login => username:admin,password:123456
[2022-06-07T17:45:24.156] [DEBUG] cheese - admin
[2022-06-07T17:45:24.158] [DEBUG] cheese - null
[2022-06-07T17:45:24.158] [DEBUG] cheese - null
[2022-06-07T19:34:36.391] [DEBUG] cheese - login => username:admin,password:123456
[2022-06-07T19:34:36.391] [DEBUG] cheese - admin
[2022-06-07T19:34:36.393] [DEBUG] cheese - null
[2022-06-07T19:34:36.393] [DEBUG] cheese - null
[2022-06-07T20:25:56.991] [DEBUG] cheese - login => username:admin,password:123456
[2022-06-07T20:25:56.992] [DEBUG] cheese - admin
[2022-06-07T20:25:56.993] [DEBUG] cheese - null
[2022-06-07T20:25:56.993] [DEBUG] cheese - null
[2022-06-08T09:27:33.540] [DEBUG] cheese - login => username:admin,password:123456
[2022-06-08T09:27:33.541] [DEBUG] cheese - admin
[2022-06-08T09:27:33.560] [DEBUG] cheese - null
[2022-06-08T09:27:33.561] [DEBUG] cheese - null
[2022-06-08T19:13:40.696] [DEBUG] cheese - login => username:admin,password:123456
[2022-06-08T19:13:40.697] [DEBUG] cheese - admin
[2022-06-08T19:13:40.714] [DEBUG] cheese - null
[2022-06-08T19:13:40.714] [DEBUG] cheese - null
[2022-06-09T21:44:48.264] [DEBUG] cheese - login => username:admin,password:123456
[2022-06-09T21:44:48.265] [DEBUG] cheese - admin
[2022-06-09T21:44:48.281] [DEBUG] cheese - null
[2022-06-09T21:44:48.282] [DEBUG] cheese - null
[2022-06-10T10:09:13.187] [DEBUG] cheese - login => username:admin,password:123456
[2022-06-10T10:09:13.188] [DEBUG] cheese - admin
[2022-06-10T10:09:13.198] [DEBUG] cheese - null
[2022-06-10T10:09:13.199] [DEBUG] cheese - null
[2022-06-10T10:46:22.613] [DEBUG] cheese - login => username:admin,password:123456
[2022-06-10T10:46:22.613] [DEBUG] cheese - admin
[2022-06-10T10:46:22.615] [DEBUG] cheese - null
[2022-06-10T10:46:22.615] [DEBUG] cheese - null
[2022-06-10T11:13:32.022] [DEBUG] cheese - login => username:admin,password:123456
[2022-06-10T11:13:32.023] [DEBUG] cheese - admin
[2022-06-10T11:13:32.025] [DEBUG] cheese - null
[2022-06-10T11:13:32.025] [DEBUG] cheese - null
[2022-06-10T11:33:07.343] [DEBUG] cheese - login => username:admin,password:123456
[2022-06-10T11:33:07.343] [DEBUG] cheese - admin
[2022-06-10T11:33:07.345] [DEBUG] cheese - null
[2022-06-10T11:33:07.345] [DEBUG] cheese - null
[2022-06-10T19:46:58.569] [DEBUG] cheese - login => username:admin,password:123456
[2022-06-10T19:46:58.570] [DEBUG] cheese - admin
[2022-06-10T19:46:58.585] [DEBUG] cheese - null
[2022-06-10T19:46:58.585] [DEBUG] cheese - null
[2022-06-12T16:32:15.721] [DEBUG] cheese - login => username:admin,password:123456
[2022-06-12T16:32:15.722] [DEBUG] cheese - admin
[2022-06-12T16:32:15.736] [DEBUG] cheese - null
[2022-06-12T16:32:15.737] [DEBUG] cheese - null
[2022-06-12T17:14:43.565] [DEBUG] cheese - login => username:admin,password:123456
[2022-06-12T17:14:43.566] [DEBUG] cheese - admin
[2022-06-12T17:14:43.569] [DEBUG] cheese - login => username:admin,password:123456
[2022-06-12T17:14:43.569] [DEBUG] cheese - admin
[2022-06-12T17:14:43.571] [DEBUG] cheese - login => username:admin,password:123456
[2022-06-12T17:14:43.571] [DEBUG] cheese - admin
[2022-06-12T17:14:43.573] [DEBUG] cheese - login => username:admin,password:123456
[2022-06-12T17:14:43.573] [DEBUG] cheese - admin
[2022-06-12T17:14:43.575] [DEBUG] cheese - login => username:admin,password:123456
[2022-06-12T17:14:43.576] [DEBUG] cheese - admin
[2022-06-12T17:14:43.580] [DEBUG] cheese - null
[2022-06-12T17:14:43.580] [DEBUG] cheese - null
[2022-06-12T17:14:43.634] [DEBUG] cheese - null
[2022-06-12T17:14:43.635] [DEBUG] cheese - null
[2022-06-12T17:14:43.706] [DEBUG] cheese - null
[2022-06-12T17:14:43.706] [DEBUG] cheese - null
[2022-06-12T17:14:43.769] [DEBUG] cheese - null
[2022-06-12T17:14:43.769] [DEBUG] cheese - null
[2022-06-12T17:14:43.824] [DEBUG] cheese - null
[2022-06-12T17:14:43.824] [DEBUG] cheese - null
[2022-06-13T10:43:49.229] [DEBUG] cheese - login => username:admin,password:123456
[2022-06-13T10:43:49.230] [DEBUG] cheese - admin
[2022-06-13T10:43:49.254] [DEBUG] cheese - null
[2022-06-13T10:43:49.255] [DEBUG] cheese - null
[2022-06-13T10:50:43.636] [DEBUG] cheese - null
[2022-06-13T10:50:48.459] [DEBUG] cheese - null
[2022-06-13T10:50:58.091] [DEBUG] cheese - null
[2022-06-13T10:51:06.320] [DEBUG] cheese - null
[2022-06-13T10:58:11.436] [DEBUG] cheese - null
[2022-06-13T11:02:00.977] [DEBUG] cheese - null
[2022-06-13T11:02:06.624] [DEBUG] cheese - null
[2022-06-14T10:56:33.503] [DEBUG] cheese - login => username:admin,password:123456
[2022-06-14T10:56:33.504] [DEBUG] cheese - admin
[2022-06-14T10:56:33.528] [DEBUG] cheese - null
[2022-06-14T10:56:33.528] [DEBUG] cheese - null
[2022-06-15T10:13:17.295] [DEBUG] cheese - login => username:admin,password:123456
[2022-06-15T10:13:17.296] [DEBUG] cheese - admin
[2022-06-15T10:13:17.310] [DEBUG] cheese - null
[2022-06-15T10:13:17.310] [DEBUG] cheese - null
[2022-06-15T11:57:54.756] [DEBUG] cheese - login => username:admin,password:123456
[2022-06-15T11:57:54.758] [DEBUG] cheese - admin
[2022-06-15T11:57:54.764] [DEBUG] cheese - null
[2022-06-15T11:57:54.765] [DEBUG] cheese - null
[2022-06-15T18:52:44.715] [DEBUG] cheese - login => username:admin,password:123456
[2022-06-15T18:52:44.716] [DEBUG] cheese - admin
[2022-06-15T18:52:44.724] [DEBUG] cheese - null
[2022-06-15T18:52:44.725] [DEBUG] cheese - null
[2022-06-16T10:00:03.774] [DEBUG] cheese - login => username:admin,password:123456
[2022-06-16T10:00:03.776] [DEBUG] cheese - admin
[2022-06-16T10:00:03.795] [DEBUG] cheese - null
[2022-06-16T10:00:03.796] [DEBUG] cheese - null
[2022-06-16T20:26:38.399] [DEBUG] cheese - login => username:admin,password:123456
[2022-06-16T20:26:38.399] [DEBUG] cheese - admin
[2022-06-16T20:26:38.403] [DEBUG] cheese - null
[2022-06-16T20:26:38.404] [DEBUG] cheese - null
[2022-06-17T16:12:54.467] [DEBUG] cheese - login => username:admin,password:123456
[2022-06-17T16:12:54.469] [DEBUG] cheese - admin
[2022-06-17T16:12:54.493] [DEBUG] cheese - null
[2022-06-17T16:12:54.493] [DEBUG] cheese - null
[2022-06-18T13:34:02.870] [DEBUG] cheese - login => username:admin,password:123456
[2022-06-18T13:34:02.871] [DEBUG] cheese - admin
[2022-06-18T13:34:02.893] [DEBUG] cheese - null
[2022-06-18T13:34:02.893] [DEBUG] cheese - null
[2022-06-19T15:11:40.619] [DEBUG] cheese - login => username:admin,password:123456
[2022-06-19T15:11:40.620] [DEBUG] cheese - admin
[2022-06-19T15:11:40.656] [DEBUG] cheese - null
[2022-06-19T15:11:40.656] [DEBUG] cheese - null
[2022-06-19T17:37:04.810] [DEBUG] cheese - login => username:admin,password:123456
[2022-06-19T17:37:04.811] [DEBUG] cheese - admin
[2022-06-19T17:37:04.815] [DEBUG] cheese - null
[2022-06-19T17:37:04.816] [DEBUG] cheese - null
[2022-06-20T10:43:08.834] [DEBUG] cheese - login => username:admin,password:123456
[2022-06-20T10:43:08.834] [DEBUG] cheese - admin
[2022-06-20T10:43:08.859] [DEBUG] cheese - null
[2022-06-20T10:43:08.859] [DEBUG] cheese - null
[2022-06-20T15:14:09.563] [DEBUG] cheese - null
[2022-06-21T10:46:43.566] [DEBUG] cheese - login => username:admin,password:123456
[2022-06-21T10:46:43.567] [DEBUG] cheese - admin
[2022-06-21T10:46:43.581] [DEBUG] cheese - null
[2022-06-21T10:46:43.581] [DEBUG] cheese - null
[2022-06-21T10:48:32.941] [DEBUG] cheese - login => username:admin,password:123456
[2022-06-21T10:48:32.941] [DEBUG] cheese - admin
[2022-06-21T10:48:32.942] [DEBUG] cheese - null
[2022-06-21T10:48:32.943] [DEBUG] cheese - null
[2022-06-21T10:48:35.671] [DEBUG] cheese - login => username:admin,password:123456
[2022-06-21T10:48:35.672] [DEBUG] cheese - admin
[2022-06-21T10:48:35.673] [DEBUG] cheese - null
[2022-06-21T10:48:35.673] [DEBUG] cheese - null
[2022-06-21T12:37:06.474] [DEBUG] cheese - login => username:admin,password:123456
[2022-06-21T12:37:06.474] [DEBUG] cheese - admin
[2022-06-21T12:37:06.476] [DEBUG] cheese - null
[2022-06-21T12:37:06.476] [DEBUG] cheese - null
[2022-06-21T12:40:50.001] [DEBUG] cheese - login => username:admin,password:123456
[2022-06-21T12:40:50.001] [DEBUG] cheese - admin
[2022-06-21T12:40:50.002] [DEBUG] cheese - null
[2022-06-21T12:40:50.002] [DEBUG] cheese - null
[2022-06-21T12:42:27.665] [DEBUG] cheese - login => username:admin,password:123456
[2022-06-21T12:42:27.666] [DEBUG] cheese - admin
[2022-06-21T12:42:27.667] [DEBUG] cheese - null
[2022-06-21T12:42:27.667] [DEBUG] cheese - null
[2022-06-21T12:49:01.834] [DEBUG] cheese - login => username:admin,password:123456
[2022-06-21T12:49:01.834] [DEBUG] cheese - admin
[2022-06-21T12:49:01.835] [DEBUG] cheese - null
[2022-06-21T12:49:01.835] [DEBUG] cheese - null
[2022-06-21T13:34:09.031] [DEBUG] cheese - login => username:admin,password:123456
[2022-06-21T13:34:09.031] [DEBUG] cheese - admin
[2022-06-21T13:34:09.033] [DEBUG] cheese - null
[2022-06-21T13:34:09.033] [DEBUG] cheese - null
[2022-06-21T13:53:38.158] [DEBUG] cheese - login => username:admin,password:123456
[2022-06-21T13:53:38.158] [DEBUG] cheese - admin
[2022-06-21T13:53:38.160] [DEBUG] cheese - null
[2022-06-21T13:53:38.160] [DEBUG] cheese - null
[2022-06-21T20:24:09.054] [DEBUG] cheese - login => username:admin,password:123456
[2022-06-21T20:24:09.055] [DEBUG] cheese - admin
[2022-06-21T20:24:09.084] [DEBUG] cheese - null
[2022-06-21T20:24:09.084] [DEBUG] cheese - null
[2022-06-21T21:20:04.035] [DEBUG] cheese - login => username:admin,password:123456
[2022-06-21T21:20:04.036] [DEBUG] cheese - admin
[2022-06-21T21:20:04.041] [DEBUG] cheese - null
[2022-06-21T21:20:04.041] [DEBUG] cheese - null
[2022-06-21T21:28:22.757] [DEBUG] cheese - login => username:admin,password:123456
[2022-06-21T21:28:22.757] [DEBUG] cheese - admin
[2022-06-21T21:28:22.759] [DEBUG] cheese - null
[2022-06-21T21:28:22.759] [DEBUG] cheese - null
[2022-06-21T23:26:34.990] [DEBUG] cheese - login => username:admin,password:123456
[2022-06-21T23:26:34.991] [DEBUG] cheese - admin
[2022-06-21T23:26:34.993] [DEBUG] cheese - null
[2022-06-21T23:26:34.993] [DEBUG] cheese - null
[2022-06-21T23:27:24.355] [DEBUG] cheese - login => username:admin,password:123456
[2022-06-21T23:27:24.355] [DEBUG] cheese - admin
[2022-06-21T23:27:24.356] [DEBUG] cheese - null
[2022-06-21T23:27:24.357] [DEBUG] cheese - null
[2022-06-21T23:33:22.131] [DEBUG] cheese - login => username:admin,password:123456
[2022-06-21T23:33:22.131] [DEBUG] cheese - admin
[2022-06-21T23:33:22.133] [DEBUG] cheese - null
[2022-06-21T23:33:22.133] [DEBUG] cheese - null
